2023-07-13T08:32:18.385Z - [INFO] - [SOCKET] New connection for socket: WMw1cdCPm-0Amk87AAAB
2023-07-13T08:32:18.454Z - [INFO] - [FORM] Created form: 4 with title: rrrr
2023-07-13T08:32:18.456Z - [INFO] - [ROOM] Created Room:4
2023-07-13T08:32:39.312Z - [INFO] - [SOCKET] New connection for socket: Ud04VNDiN8cjk8E-AAAD
2023-07-13T08:32:46.001Z - [ERROR] - [500] - undefined
2023-07-13T08:32:46.002Z - [ERROR] - Unknown column 'complexityValue' in 'field list'
2023-07-13T08:32:51.473Z - [ERROR] - [500] - undefined
2023-07-13T08:32:51.474Z - [ERROR] - Unknown column 'complexityValue' in 'field list'
2023-07-13T08:32:52.981Z - [ERROR] - [500] - undefined
2023-07-13T08:32:52.982Z - [ERROR] - Unknown column 'complexityValue' in 'field list'
2023-07-13T08:32:54.322Z - [ERROR] - [500] - undefined
2023-07-13T08:32:54.323Z - [ERROR] - Unknown column 'complexityValue' in 'field list'
2023-07-13T08:33:01.348Z - [INFO] - [SOCKET] Question submitted by socket Ud04VNDiN8cjk8E-AAAD
2023-07-13T08:33:04.013Z - [ERROR] - [500] - undefined
2023-07-13T08:33:04.013Z - [ERROR] - Unknown column 'complexityValue' in 'field list'
2023-07-13T08:33:06.560Z - [ERROR] - [500] - undefined
2023-07-13T08:33:06.560Z - [ERROR] - Unknown column 'complexityValue' in 'field list'
2023-07-13T08:33:07.830Z - [ERROR] - [500] - undefined
2023-07-13T08:33:07.831Z - [ERROR] - Unknown column 'complexityValue' in 'field list'
2023-07-13T08:33:08.003Z - [ERROR] - [500] - undefined
2023-07-13T08:33:08.004Z - [ERROR] - Unknown column 'complexityValue' in 'field list'
2023-07-13T08:33:08.237Z - [ERROR] - [500] - undefined
2023-07-13T08:33:08.238Z - [ERROR] - Unknown column 'complexityValue' in 'field list'
2023-07-13T08:33:08.467Z - [ERROR] - [500] - undefined
2023-07-13T08:33:08.468Z - [ERROR] - Unknown column 'complexityValue' in 'field list'
2023-07-13T08:33:08.687Z - [ERROR] - [500] - undefined
2023-07-13T08:33:08.689Z - [ERROR] - Unknown column 'complexityValue' in 'field list'
